< C:\DevBin\20230312_GameJS\00_Adventure\Gattonero20200001
> C:\home\GitHub\StoreH\DevOld\00_Adventure\Gattonero20200001
< C:\DevBin\20230312_GameJS\00_Adventure\res
T C:\home\GitHub\StoreH\DevOld\00_Adventure\res
< C:\DevBin\20230312_GameJS\00_Adventure\out
T C:\home\GitHub\StoreH\DevOld\00_Adventure\out
< C:\DevBin\20230312_GameJS\00_Cirno\Gattonero20200001
> C:\home\GitHub\StoreH\DevOld\00_Cirno\Gattonero20200001
< C:\DevBin\20230312_GameJS\00_Cirno\res
T C:\home\GitHub\StoreH\DevOld\00_Cirno\res
< C:\DevBin\20230312_GameJS\00_Cirno\out
T C:\home\GitHub\StoreH\DevOld\00_Cirno\out
< C:\DevBin\20230315_Dev\Program\00_CLang\Petra20200001
> C:\home\GitHub\StoreH\DevOld\00_CLang\Petra20200001
< C:\DevBin\20230315_Dev\Program\00_CLang\doc
> C:\home\GitHub\StoreH\DevOld\00_CLang\doc
< C:\DevBin\20230315_Dev\Program\00_CLang\out
T C:\home\GitHub\StoreH\DevOld\00_CLang\out
< C:\DevBin\20230315_Dev\Program\00_Console\Claes20200001
> C:\home\GitHub\StoreH\DevOld\00_Console\Claes20200001
< C:\DevBin\20230315_Dev\Program\00_Console\doc
> C:\home\GitHub\StoreH\DevOld\00_Console\doc
< C:\DevBin\20230315_Dev\Program\00_Console\out
T C:\home\GitHub\StoreH\DevOld\00_Console\out
< C:\DevBin\20230315_Dev\Program\00_Form\Silvia20200001
> C:\home\GitHub\StoreH\DevOld\00_Form\Silvia20200001
< C:\DevBin\20230315_Dev\Program\00_Form\doc
> C:\home\GitHub\StoreH\DevOld\00_Form\doc
< C:\DevBin\20230315_Dev\Program\00_Form\out
T C:\home\GitHub\StoreH\DevOld\00_Form\out
< C:\DevBin\20230312_GameJS\00_Marisa\Gattonero20200001
> C:\home\GitHub\StoreH\DevOld\00_Marisa\Gattonero20200001
< C:\DevBin\20230312_GameJS\00_Marisa\res
T C:\home\GitHub\StoreH\DevOld\00_Marisa\res
< C:\DevBin\20230312_GameJS\00_Marisa\out
T C:\home\GitHub\StoreH\DevOld\00_Marisa\out
< C:\DevBin\20230315_Dev\Game\00_MSSAGame\Elsa20200001
> C:\home\GitHub\StoreH\DevOld\00_MSSAGame\Elsa20200001
< C:\DevBin\20230315_Dev\Game\00_MSSAGame\dat
T C:\home\GitHub\StoreH\DevOld\00_MSSAGame\dat
< C:\DevBin\20230315_Dev\Game\00_MSSAGame\doc
> C:\home\GitHub\StoreH\DevOld\00_MSSAGame\doc
< C:\DevBin\20230315_Dev\Game\00_MSSAGame\out
T C:\home\GitHub\StoreH\DevOld\00_MSSAGame\out
< C:\DevBin\20230312_GameJS\00_Plain\Gattonero20200001
> C:\home\GitHub\StoreH\DevOld\00_Plain\Gattonero20200001
< C:\DevBin\20230312_GameJS\00_Plain\res
T C:\home\GitHub\StoreH\DevOld\00_Plain\res
< C:\DevBin\20230312_GameJS\00_Plain\out
T C:\home\GitHub\StoreH\DevOld\00_Plain\out
< C:\DevBin\20230315_Dev\Game\00_Shooting\Elsa20200001
> C:\home\GitHub\StoreH\DevOld\00_Shooting\Elsa20200001
< C:\DevBin\20230315_Dev\Game\00_Shooting\dat
T C:\home\GitHub\StoreH\DevOld\00_Shooting\dat
< C:\DevBin\20230315_Dev\Game\00_Shooting\doc
> C:\home\GitHub\StoreH\DevOld\00_Shooting\doc
< C:\DevBin\20230315_Dev\Game\00_Shooting\out
T C:\home\GitHub\StoreH\DevOld\00_Shooting\out
< C:\DevBin\20230315_Dev\Game\00_SSAGame\Elsa20200001
> C:\home\GitHub\StoreH\DevOld\00_SSAGame\Elsa20200001
< C:\DevBin\20230315_Dev\Game\00_SSAGame\dat
T C:\home\GitHub\StoreH\DevOld\00_SSAGame\dat
< C:\DevBin\20230315_Dev\Game\00_SSAGame\doc
> C:\home\GitHub\StoreH\DevOld\00_SSAGame\doc
< C:\DevBin\20230315_Dev\Game\00_SSAGame\out
T C:\home\GitHub\StoreH\DevOld\00_SSAGame\out
< C:\DevBin\20230315_Dev\Game\00_TSSGame\Elsa20200001
> C:\home\GitHub\StoreH\DevOld\00_TSSGame\Elsa20200001
< C:\DevBin\20230315_Dev\Game\00_TSSGame\dat
T C:\home\GitHub\StoreH\DevOld\00_TSSGame\dat
< C:\DevBin\20230315_Dev\Game\00_TSSGame\doc
> C:\home\GitHub\StoreH\DevOld\00_TSSGame\doc
< C:\DevBin\20230315_Dev\Game\00_TSSGame\out
T C:\home\GitHub\StoreH\DevOld\00_TSSGame\out
< C:\DevBin\20230315_Dev\Game\00_TVAGame\Elsa20200001
> C:\home\GitHub\StoreH\DevOld\00_TVAGame\Elsa20200001
< C:\DevBin\20230315_Dev\Game\00_TVAGame\dat
T C:\home\GitHub\StoreH\DevOld\00_TVAGame\dat
< C:\DevBin\20230315_Dev\Game\00_TVAGame\doc
> C:\home\GitHub\StoreH\DevOld\00_TVAGame\doc
< C:\DevBin\20230315_Dev\Game\00_TVAGame\out
T C:\home\GitHub\StoreH\DevOld\00_TVAGame\out
< C:\DevBin\20230315_Dev\Program\00_Utilities\Claes20200001
> C:\home\GitHub\StoreH\DevOld\00_Utilities\Claes20200001
< C:\DevBin\20230315_Dev\Program\00_Utilities\doc
> C:\home\GitHub\StoreH\DevOld\00_Utilities\doc
< C:\DevBin\20230315_Dev\Program\00_Utilities\out
T C:\home\GitHub\StoreH\DevOld\00_Utilities\out
< C:\DevBin\20230312_GameJS\Adventure\Gattonero20200001
> C:\home\GitHub\StoreH\DevOld\Adventure\Gattonero20200001
< C:\DevBin\20230312_GameJS\Adventure\res
T C:\home\GitHub\StoreH\DevOld\Adventure\res
< C:\DevBin\20230312_GameJS\Adventure\out
T C:\home\GitHub\StoreH\DevOld\Adventure\out
< C:\DevBin\20230312_GameJS\BlackJack\Gattonero20200001
> C:\home\GitHub\StoreH\DevOld\BlackJack\Gattonero20200001
< C:\DevBin\20230312_GameJS\BlackJack\res
T C:\home\GitHub\StoreH\DevOld\BlackJack\res
< C:\DevBin\20230312_GameJS\BlackJack\out
T C:\home\GitHub\StoreH\DevOld\BlackJack\out
< C:\DevBin\20230312_GameJS\BlackJack_v2\Gattonero20200001
> C:\home\GitHub\StoreH\DevOld\BlackJack_v2\Gattonero20200001
< C:\DevBin\20230312_GameJS\BlackJack_v2\res
T C:\home\GitHub\StoreH\DevOld\BlackJack_v2\res
< C:\DevBin\20230312_GameJS\BlackJack_v2\out
T C:\home\GitHub\StoreH\DevOld\BlackJack_v2\out
< C:\DevBin\20230312_GameJS\Cirno\Gattonero20200001
> C:\home\GitHub\StoreH\DevOld\Cirno\Gattonero20200001
< C:\DevBin\20230312_GameJS\Cirno\res
T C:\home\GitHub\StoreH\DevOld\Cirno\res
< C:\DevBin\20230312_GameJS\Cirno\out
T C:\home\GitHub\StoreH\DevOld\Cirno\out
< C:\DevBin\20230312_GameJS\Doremy\Gattonero20200001
> C:\home\GitHub\StoreH\DevOld\Doremy\Gattonero20200001
< C:\DevBin\20230312_GameJS\Doremy\res
T C:\home\GitHub\StoreH\DevOld\Doremy\res
< C:\DevBin\20230312_GameJS\Doremy\out
T C:\home\GitHub\StoreH\DevOld\Doremy\out
< C:\DevBin\20230312_GameJS\Hako\Gattonero20200001
> C:\home\GitHub\StoreH\DevOld\Hako\Gattonero20200001
< C:\DevBin\20230312_GameJS\Hako\res
T C:\home\GitHub\StoreH\DevOld\Hako\res
< C:\DevBin\20230312_GameJS\Hako\out
T C:\home\GitHub\StoreH\DevOld\Hako\out
< C:\DevBin\20230312_GameJS\LiteTemplate\Gattonero20200001
> C:\home\GitHub\StoreH\DevOld\LiteTemplate\Gattonero20200001
< C:\DevBin\20230312_GameJS\LiteTemplate\res
T C:\home\GitHub\StoreH\DevOld\LiteTemplate\res
< C:\DevBin\20230312_GameJS\LiteTemplate\out
T C:\home\GitHub\StoreH\DevOld\LiteTemplate\out
< C:\DevBin\20230315_Dev\Program\MakeButtons\Claes20200001
> C:\home\GitHub\StoreH\DevOld\MakeButtons\Claes20200001
< C:\DevBin\20230315_Dev\Program\MakeButtons\doc
> C:\home\GitHub\StoreH\DevOld\MakeButtons\doc
< C:\DevBin\20230315_Dev\Program\MakeButtons\out
T C:\home\GitHub\StoreH\DevOld\MakeButtons\out
< C:\DevBin\20230312_GameJS\Marisa\Gattonero20200001
> C:\home\GitHub\StoreH\DevOld\Marisa\Gattonero20200001
< C:\DevBin\20230312_GameJS\Marisa\res
T C:\home\GitHub\StoreH\DevOld\Marisa\res
< C:\DevBin\20230312_GameJS\Marisa\out
T C:\home\GitHub\StoreH\DevOld\Marisa\out
< C:\DevBin\20230312_GameJS\Puzzle2048\Gattonero20200001
> C:\home\GitHub\StoreH\DevOld\Puzzle2048\Gattonero20200001
< C:\DevBin\20230312_GameJS\Puzzle2048\res
T C:\home\GitHub\StoreH\DevOld\Puzzle2048\res
< C:\DevBin\20230312_GameJS\Puzzle2048\out
T C:\home\GitHub\StoreH\DevOld\Puzzle2048\out
< C:\DevBin\20230312_GameJS\SevenBridge\Gattonero20200001
> C:\home\GitHub\StoreH\DevOld\SevenBridge\Gattonero20200001
< C:\DevBin\20230312_GameJS\SevenBridge\res
T C:\home\GitHub\StoreH\DevOld\SevenBridge\res
< C:\DevBin\20230312_GameJS\SevenBridge\out
T C:\home\GitHub\StoreH\DevOld\SevenBridge\out
< C:\DevBin\20230312_GameJS\Shooting\Gattonero20200001
> C:\home\GitHub\StoreH\DevOld\Shooting\Gattonero20200001
< C:\DevBin\20230312_GameJS\Shooting\res
T C:\home\GitHub\StoreH\DevOld\Shooting\res
< C:\DevBin\20230312_GameJS\Shooting\out
T C:\home\GitHub\StoreH\DevOld\Shooting\out
< C:\DevBin\20230315_Dev\Program\SimpleForm\Silvia20200001
> C:\home\GitHub\StoreH\DevOld\SimpleForm\Silvia20200001
< C:\DevBin\20230315_Dev\Program\SimpleForm\doc
> C:\home\GitHub\StoreH\DevOld\SimpleForm\doc
< C:\DevBin\20230315_Dev\Program\SimpleForm\out
T C:\home\GitHub\StoreH\DevOld\SimpleForm\out
< C:\DevBin\20230312_GameJS\SlotMachine\Gattonero20200001
> C:\home\GitHub\StoreH\DevOld\SlotMachine\Gattonero20200001
< C:\DevBin\20230312_GameJS\SlotMachine\res
T C:\home\GitHub\StoreH\DevOld\SlotMachine\res
< C:\DevBin\20230312_GameJS\SlotMachine\out
T C:\home\GitHub\StoreH\DevOld\SlotMachine\out
< C:\DevBin\20230315_Test20221129\Claes20200001
> C:\home\GitHub\StoreH\DevOld\Test20221129\Claes20200001
< C:\DevBin\20230315_Test20221129\doc
> C:\home\GitHub\StoreH\DevOld\Test20221129\doc
< C:\DevBin\20230315_Test20221129\out
T C:\home\GitHub\StoreH\DevOld\Test20221129\out
